<?xml version="1.0" encoding="UTF-8"?>
<testng-results ignored="0" total="4" passed="4" failed="0" skipped="0">
  <reporter-output>
    <line>
      <![CDATA[opening Jawa website]]>
    </line>
    <line>
      <![CDATA[opening ducati website]]>
    </line>
    <line>
      <![CDATA[opening Jawa website]]>
    </line>
    <line>
      <![CDATA[opening ducati website]]>
    </line>
  </reporter-output>
  <suite started-at="2023-03-09T10:31:59 IST" name="Suite" finished-at="2023-03-09T10:32:45 IST" duration-ms="45832">
    <groups>
    </groups>
    <test started-at="2023-03-09T10:31:59 IST" name="Test1" finished-at="2023-03-09T10:32:21 IST" duration-ms="22309">
      <class name="crossBrowserTesting.Jawa">
        <test-method is-config="true" signature="browserSetutp(java.lang.String)[pri:0, instance:crossBrowserTesting.Jawa@3eb7fc54]" started-at="2023-03-09T10:31:59 IST" name="browserSetutp" finished-at="2023-03-09T10:32:09 IST" duration-ms="9645" status="PASS">
          <params>
            <param index="0">
              <value>
                <![CDATA[chrome]]>
              </value>
            </param>
          </params>
          <reporter-output>
          </reporter-output>
        </test-method> <!-- browserSetutp -->
        <test-method signature="buyJawa()[pri:0, instance:crossBrowserTesting.Jawa@3eb7fc54]" started-at="2023-03-09T10:32:09 IST" name="buyJawa" finished-at="2023-03-09T10:32:16 IST" duration-ms="7665" status="PASS">
          <reporter-output>
            <line>
              <![CDATA[opening Jawa website]]>
            </line>
          </reporter-output>
        </test-method> <!-- buyJawa -->
      </class> <!-- crossBrowserTesting.Jawa -->
      <class name="crossBrowserTesting.Ducati">
        <test-method is-config="true" signature="browserSetutp(java.lang.String)[pri:0, instance:crossBrowserTesting.Ducati@7f552bd3]" started-at="2023-03-09T10:32:16 IST" name="browserSetutp" finished-at="2023-03-09T10:32:17 IST" duration-ms="935" status="PASS">
          <params>
            <param index="0">
              <value>
                <![CDATA[chrome]]>
              </value>
            </param>
          </params>
          <reporter-output>
          </reporter-output>
        </test-method> <!-- browserSetutp -->
        <test-method signature="buyDucati()[pri:0, instance:crossBrowserTesting.Ducati@7f552bd3]" started-at="2023-03-09T10:32:17 IST" name="buyDucati" finished-at="2023-03-09T10:32:21 IST" duration-ms="4028" status="PASS">
          <reporter-output>
            <line>
              <![CDATA[opening ducati website]]>
            </line>
          </reporter-output>
        </test-method> <!-- buyDucati -->
      </class> <!-- crossBrowserTesting.Ducati -->
    </test> <!-- Test1 -->
    <test started-at="2023-03-09T10:32:21 IST" name="Test2" finished-at="2023-03-09T10:32:45 IST" duration-ms="23494">
      <class name="crossBrowserTesting.Jawa">
        <test-method is-config="true" signature="browserSetutp(java.lang.String)[pri:0, instance:crossBrowserTesting.Jawa@2e4b8173]" started-at="2023-03-09T10:32:21 IST" name="browserSetutp" finished-at="2023-03-09T10:32:22 IST" duration-ms="826" status="PASS">
          <params>
            <param index="0">
              <value>
                <![CDATA[chrome]]>
              </value>
            </param>
          </params>
          <reporter-output>
          </reporter-output>
        </test-method> <!-- browserSetutp -->
        <test-method signature="buyJawa()[pri:0, instance:crossBrowserTesting.Jawa@2e4b8173]" started-at="2023-03-09T10:32:22 IST" name="buyJawa" finished-at="2023-03-09T10:32:33 IST" duration-ms="11191" status="PASS">
          <reporter-output>
            <line>
              <![CDATA[opening Jawa website]]>
            </line>
          </reporter-output>
        </test-method> <!-- buyJawa -->
      </class> <!-- crossBrowserTesting.Jawa -->
      <class name="crossBrowserTesting.Ducati">
        <test-method is-config="true" signature="browserSetutp(java.lang.String)[pri:0, instance:crossBrowserTesting.Ducati@70e8f8e]" started-at="2023-03-09T10:32:33 IST" name="browserSetutp" finished-at="2023-03-09T10:32:34 IST" duration-ms="867" status="PASS">
          <params>
            <param index="0">
              <value>
                <![CDATA[chrome]]>
              </value>
            </param>
          </params>
          <reporter-output>
          </reporter-output>
        </test-method> <!-- browserSetutp -->
        <test-method signature="buyDucati()[pri:0, instance:crossBrowserTesting.Ducati@70e8f8e]" started-at="2023-03-09T10:32:34 IST" name="buyDucati" finished-at="2023-03-09T10:32:45 IST" duration-ms="10600" status="PASS">
          <reporter-output>
            <line>
              <![CDATA[opening ducati website]]>
            </line>
          </reporter-output>
        </test-method> <!-- buyDucati -->
      </class> <!-- crossBrowserTesting.Ducati -->
    </test> <!-- Test2 -->
  </suite> <!-- Suite -->
</testng-results>
